<?xml version="1.0" encoding="UTF-8"?>
<!-- Generated by org.testng.reporters.JUnitReportReporter -->
<testsuite hostname="DESKTOP-D1IA6PS" failures="0" tests="1" name="sample.test" time="0.010" errors="0" timestamp="2021-09-09T14:28:17 IST" skipped="0">
  <testcase classname="sample.test" name="testing" time="0.010"/>
  <system-out/>
</testsuite> <!-- sample.test -->
